This file contains any messages produced by compilers while
running configure, to aid debugging if configure makes a mistake.

It was created by configure, which was
generated by GNU Autoconf 2.61.  Invocation command line was

  $ ./configure --prefix=/usr --sysconfdir=/etc

## --------- ##
## Platform. ##
## --------- ##

hostname = gw-chris-tal
uname -m = i586
uname -r = 2.6.32-5-486
uname -s = Linux
uname -v = #1 Thu Nov 3 03:43:09 UTC 2011

/usr/bin/uname -p = unknown
/bin/uname -X     = unknown

/bin/arch              = unknown
/usr/bin/arch -k       = unknown
/usr/convex/getsysinfo = unknown
/usr/bin/hostinfo      = unknown
/bin/machine           = unknown
/usr/bin/oslevel       = unknown
/bin/universe          = unknown

PATH: /usr/local/sbin
PATH: /usr/local/bin
PATH: /usr/sbin
PATH: /usr/bin
PATH: /sbin
PATH: /bin


## ----------- ##
## Core tests. ##
## ----------- ##

configure:2023: checking for gcc
configure:2039: found /usr/bin/gcc
configure:2050: result: gcc
configure:2288: checking for C compiler version
configure:2295: gcc --version >&5
gcc (Debian 4.4.5-8) 4.4.5
Copyright (C) 2010 Free Software Foundation, Inc.
This is free software; see the source for copying conditions.  There is NO
warranty; not even for MERCHANTABILITY or FITNESS FOR A PARTICULAR PURPOSE.

configure:2298: $? = 0
configure:2305: gcc -v >&5
Using built-in specs.
Target: i486-linux-gnu
Configured with: ../src/configure -v --with-pkgversion='Debian 4.4.5-8' --with-bugurl=file:///usr/share/doc/gcc-4.4/README.Bugs --enable-languages=c,c++,fortran,objc,obj-c++ --prefix=/usr --program-suffix=-4.4 --enable-shared --enable-multiarch --enable-linker-build-id --with-system-zlib --libexecdir=/usr/lib --without-included-gettext --enable-threads=posix --with-gxx-include-dir=/usr/include/c++/4.4 --libdir=/usr/lib --enable-nls --enable-clocale=gnu --enable-libstdcxx-debug --enable-objc-gc --enable-targets=all --with-arch-32=i586 --with-tune=generic --enable-checking=release --build=i486-linux-gnu --host=i486-linux-gnu --target=i486-linux-gnu
Thread model: posix
gcc version 4.4.5 (Debian 4.4.5-8) 
configure:2308: $? = 0
configure:2315: gcc -V >&5
gcc: '-V' option must have argument
configure:2318: $? = 1
configure:2341: checking for C compiler default output file name
configure:2368: gcc    conftest.c  >&5
configure:2371: $? = 0
configure:2409: result: a.out
configure:2426: checking whether the C compiler works
configure:2436: ./a.out
configure:2439: $? = 0
configure:2456: result: yes
configure:2463: checking whether we are cross compiling
configure:2465: result: no
configure:2468: checking for suffix of executables
configure:2475: gcc -o conftest    conftest.c  >&5
configure:2478: $? = 0
configure:2502: result: 
configure:2508: checking for suffix of object files
configure:2534: gcc -c   conftest.c >&5
configure:2537: $? = 0
configure:2560: result: o
configure:2564: checking whether we are using the GNU C compiler
configure:2593: gcc -c   conftest.c >&5
configure:2599: $? = 0
configure:2616: result: yes
configure:2621: checking whether gcc accepts -g
configure:2651: gcc -c -g  conftest.c >&5
configure:2657: $? = 0
configure:2756: result: yes
configure:2773: checking for gcc option to accept ISO C89
configure:2847: gcc  -c -g -O2  conftest.c >&5
configure:2853: $? = 0
configure:2876: result: none needed
configure:2952: checking for g++
configure:2968: found /usr/bin/g++
configure:2979: result: g++
configure:3010: checking for C++ compiler version
configure:3017: g++ --version >&5
g++ (Debian 4.4.5-8) 4.4.5
Copyright (C) 2010 Free Software Foundation, Inc.
This is free software; see the source for copying conditions.  There is NO
warranty; not even for MERCHANTABILITY or FITNESS FOR A PARTICULAR PURPOSE.

configure:3020: $? = 0
configure:3027: g++ -v >&5
Using built-in specs.
Target: i486-linux-gnu
Configured with: ../src/configure -v --with-pkgversion='Debian 4.4.5-8' --with-bugurl=file:///usr/share/doc/gcc-4.4/README.Bugs --enable-languages=c,c++,fortran,objc,obj-c++ --prefix=/usr --program-suffix=-4.4 --enable-shared --enable-multiarch --enable-linker-build-id --with-system-zlib --libexecdir=/usr/lib --without-included-gettext --enable-threads=posix --with-gxx-include-dir=/usr/include/c++/4.4 --libdir=/usr/lib --enable-nls --enable-clocale=gnu --enable-libstdcxx-debug --enable-objc-gc --enable-targets=all --with-arch-32=i586 --with-tune=generic --enable-checking=release --build=i486-linux-gnu --host=i486-linux-gnu --target=i486-linux-gnu
Thread model: posix
gcc version 4.4.5 (Debian 4.4.5-8) 
configure:3030: $? = 0
configure:3037: g++ -V >&5
g++: '-V' option must have argument
configure:3040: $? = 1
configure:3043: checking whether we are using the GNU C++ compiler
configure:3072: g++ -c   conftest.cpp >&5
configure:3078: $? = 0
configure:3095: result: yes
configure:3100: checking whether g++ accepts -g
configure:3130: g++ -c -g  conftest.cpp >&5
configure:3136: $? = 0
configure:3235: result: yes
configure:3286: checking for a BSD-compatible install
configure:3342: result: /usr/bin/install -c
configure:3353: checking whether build environment is sane
configure:3396: result: yes
configure:3424: checking for a thread-safe mkdir -p
configure:3463: result: /bin/mkdir -p
configure:3476: checking for gawk
configure:3506: result: no
configure:3476: checking for mawk
configure:3492: found /usr/bin/mawk
configure:3503: result: mawk
configure:3514: checking whether make sets $(MAKE)
configure:3535: result: yes
configure:3565: checking for style of include used by make
configure:3593: result: GNU
configure:3786: checking dependency style of gcc
configure:3877: result: gcc3
configure:3894: checking dependency style of g++
configure:3985: result: gcc3
configure:4003: checking whether to enable maintainer-specific portions of Makefiles
configure:4012: result: no
configure:4039: checking for a BSD-compatible install
configure:4095: result: /usr/bin/install -c
configure:4187: checking build system type
configure:4205: result: i586-pc-linux-gnu
configure:4227: checking host system type
configure:4242: result: i586-pc-linux-gnu
configure:4264: checking for a sed that does not truncate output
configure:4318: result: /bin/sed
configure:4321: checking for grep that handles long lines and -e
configure:4395: result: /bin/grep
configure:4400: checking for egrep
configure:4478: result: /bin/grep -E
configure:4494: checking for ld used by gcc
configure:4561: result: /usr/bin/ld
configure:4570: checking if the linker (/usr/bin/ld) is GNU ld
configure:4585: result: yes
configure:4590: checking for /usr/bin/ld option to reload object files
configure:4597: result: -r
configure:4615: checking for BSD-compatible nm
configure:4664: result: /usr/bin/nm -B
configure:4668: checking whether ln -s works
configure:4672: result: yes
configure:4679: checking how to recognise dependent libraries
configure:4855: result: pass_all
configure:5089: checking how to run the C preprocessor
configure:5129: gcc -E  conftest.c
configure:5135: $? = 0
configure:5166: gcc -E  conftest.c
conftest.c:10:28: error: ac_nonexistent.h: No such file or directory
configure:5172: $? = 1
configure: failed program was:
| /* confdefs.h.  */
| #define PACKAGE_NAME ""
| #define PACKAGE_TARNAME ""
| #define PACKAGE_VERSION ""
| #define PACKAGE_STRING ""
| #define PACKAGE_BUGREPORT ""
| #define PACKAGE "wifidog"
| #define VERSION "1.1.3_rc1-ffw-08"
| /* end confdefs.h.  */
| #include <ac_nonexistent.h>
configure:5205: result: gcc -E
configure:5234: gcc -E  conftest.c
configure:5240: $? = 0
configure:5271: gcc -E  conftest.c
conftest.c:10:28: error: ac_nonexistent.h: No such file or directory
configure:5277: $? = 1
configure: failed program was:
| /* confdefs.h.  */
| #define PACKAGE_NAME ""
| #define PACKAGE_TARNAME ""
| #define PACKAGE_VERSION ""
| #define PACKAGE_STRING ""
| #define PACKAGE_BUGREPORT ""
| #define PACKAGE "wifidog"
| #define VERSION "1.1.3_rc1-ffw-08"
| /* end confdefs.h.  */
| #include <ac_nonexistent.h>
configure:5315: checking for ANSI C header files
configure:5345: gcc -c -g -O2  conftest.c >&5
configure:5351: $? = 0
configure:5450: gcc -o conftest -g -O2   conftest.c  >&5
configure:5453: $? = 0
configure:5459: ./conftest
configure:5462: $? = 0
configure:5479: result: yes
configure:5503: checking for sys/types.h
configure:5524: gcc -c -g -O2  conftest.c >&5
configure:5530: $? = 0
configure:5546: result: yes
configure:5503: checking for sys/stat.h
configure:5524: gcc -c -g -O2  conftest.c >&5
configure:5530: $? = 0
configure:5546: result: yes
configure:5503: checking for stdlib.h
configure:5524: gcc -c -g -O2  conftest.c >&5
configure:5530: $? = 0
configure:5546: result: yes
configure:5503: checking for string.h
configure:5524: gcc -c -g -O2  conftest.c >&5
configure:5530: $? = 0
configure:5546: result: yes
configure:5503: checking for memory.h
configure:5524: gcc -c -g -O2  conftest.c >&5
configure:5530: $? = 0
configure:5546: result: yes
configure:5503: checking for strings.h
configure:5524: gcc -c -g -O2  conftest.c >&5
configure:5530: $? = 0
configure:5546: result: yes
configure:5503: checking for inttypes.h
configure:5524: gcc -c -g -O2  conftest.c >&5
configure:5530: $? = 0
configure:5546: result: yes
configure:5503: checking for stdint.h
configure:5524: gcc -c -g -O2  conftest.c >&5
configure:5530: $? = 0
configure:5546: result: yes
configure:5503: checking for unistd.h
configure:5524: gcc -c -g -O2  conftest.c >&5
configure:5530: $? = 0
configure:5546: result: yes
configure:5573: checking dlfcn.h usability
configure:5590: gcc -c -g -O2  conftest.c >&5
configure:5596: $? = 0
configure:5610: result: yes
configure:5614: checking dlfcn.h presence
configure:5629: gcc -E  conftest.c
configure:5635: $? = 0
configure:5649: result: yes
configure:5677: checking for dlfcn.h
configure:5685: result: yes
configure:5708: checking how to run the C++ preprocessor
configure:5744: g++ -E  conftest.cpp
configure:5750: $? = 0
configure:5781: g++ -E  conftest.cpp
conftest.cpp:21:28: error: ac_nonexistent.h: No such file or directory
configure:5787: $? = 1
configure: failed program was:
| /* confdefs.h.  */
| #define PACKAGE_NAME ""
| #define PACKAGE_TARNAME ""
| #define PACKAGE_VERSION ""
| #define PACKAGE_STRING ""
| #define PACKAGE_BUGREPORT ""
| #define PACKAGE "wifidog"
| #define VERSION "1.1.3_rc1-ffw-08"
| #define STDC_HEADERS 1
| #define HAVE_SYS_TYPES_H 1
| #define HAVE_SYS_STAT_H 1
| #define HAVE_STDLIB_H 1
| #define HAVE_STRING_H 1
| #define HAVE_MEMORY_H 1
| #define HAVE_STRINGS_H 1
| #define HAVE_INTTYPES_H 1
| #define HAVE_STDINT_H 1
| #define HAVE_UNISTD_H 1
| #define HAVE_DLFCN_H 1
| /* end confdefs.h.  */
| #include <ac_nonexistent.h>
configure:5820: result: g++ -E
configure:5849: g++ -E  conftest.cpp
configure:5855: $? = 0
configure:5886: g++ -E  conftest.cpp
conftest.cpp:21:28: error: ac_nonexistent.h: No such file or directory
configure:5892: $? = 1
configure: failed program was:
| /* confdefs.h.  */
| #define PACKAGE_NAME ""
| #define PACKAGE_TARNAME ""
| #define PACKAGE_VERSION ""
| #define PACKAGE_STRING ""
| #define PACKAGE_BUGREPORT ""
| #define PACKAGE "wifidog"
| #define VERSION "1.1.3_rc1-ffw-08"
| #define STDC_HEADERS 1
| #define HAVE_SYS_TYPES_H 1
| #define HAVE_SYS_STAT_H 1
| #define HAVE_STDLIB_H 1
| #define HAVE_STRING_H 1
| #define HAVE_MEMORY_H 1
| #define HAVE_STRINGS_H 1
| #define HAVE_INTTYPES_H 1
| #define HAVE_STDINT_H 1
| #define HAVE_UNISTD_H 1
| #define HAVE_DLFCN_H 1
| /* end confdefs.h.  */
| #include <ac_nonexistent.h>
configure:5985: checking for g77
configure:6015: result: no
configure:5985: checking for xlf
configure:6015: result: no
configure:5985: checking for f77
configure:6015: result: no
configure:5985: checking for frt
configure:6015: result: no
configure:5985: checking for pgf77
configure:6015: result: no
configure:5985: checking for cf77
configure:6015: result: no
configure:5985: checking for fort77
configure:6015: result: no
configure:5985: checking for fl32
configure:6015: result: no
configure:5985: checking for af77
configure:6015: result: no
configure:5985: checking for xlf90
configure:6015: result: no
configure:5985: checking for f90
configure:6015: result: no
configure:5985: checking for pgf90
configure:6015: result: no
configure:5985: checking for pghpf
configure:6015: result: no
configure:5985: checking for epcf90
configure:6015: result: no
configure:5985: checking for gfortran
configure:6015: result: no
configure:5985: checking for g95
configure:6015: result: no
configure:5985: checking for xlf95
configure:6015: result: no
configure:5985: checking for f95
configure:6015: result: no
configure:5985: checking for fort
configure:6015: result: no
configure:5985: checking for ifort
configure:6015: result: no
configure:5985: checking for ifc
configure:6015: result: no
configure:5985: checking for efc
configure:6015: result: no
configure:5985: checking for pgf95
configure:6015: result: no
configure:5985: checking for lf95
configure:6015: result: no
configure:5985: checking for ftn
configure:6015: result: no
configure:6042: checking for Fortran 77 compiler version
configure:6049:  --version >&5
./configure: line 6050: --version: command not found
configure:6052: $? = 127
configure:6059:  -v >&5
./configure: line 6060: -v: command not found
configure:6062: $? = 127
configure:6069:  -V >&5
./configure: line 6070: -V: command not found
configure:6072: $? = 127
configure:6080: checking whether we are using the GNU Fortran 77 compiler
configure:6099:  -c  conftest.F >&5
./configure: line 6100: -c: command not found
configure:6105: $? = 127
configure: failed program was:
|       program main
| #ifndef __GNUC__
|        choke me
| #endif
| 
|       end
configure:6122: result: no
configure:6128: checking whether  accepts -g
configure:6145:  -c -g conftest.f >&5
./configure: line 6146: -c: command not found
configure:6151: $? = 127
configure: failed program was:
|       program main
| 
|       end
configure:6167: result: no
configure:6197: checking the maximum length of command line arguments
configure:6306: result: 32768
configure:6317: checking command to parse /usr/bin/nm -B output from gcc object
configure:6422: gcc -c -g -O2  conftest.c >&5
configure:6425: $? = 0
configure:6429: /usr/bin/nm -B conftest.o \| sed -n -e 's/^.*[ 	]\([ABCDGIRSTW][ABCDGIRSTW]*\)[ 	][ 	]*\([_A-Za-z][_A-Za-z0-9]*\)$/\1 \2 \2/p' \> conftest.nm
configure:6432: $? = 0
configure:6484: gcc -o conftest -g -O2   conftest.c conftstm.o >&5
configure:6487: $? = 0
configure:6525: result: ok
configure:6529: checking for objdir
configure:6544: result: .libs
configure:6636: checking for ar
configure:6652: found /usr/bin/ar
configure:6663: result: ar
configure:6732: checking for ranlib
configure:6748: found /usr/bin/ranlib
configure:6759: result: ranlib
configure:6828: checking for strip
configure:6844: found /usr/bin/strip
configure:6855: result: strip
configure:7141: checking if gcc supports -fno-rtti -fno-exceptions
configure:7159: gcc -c -g -O2  -fno-rtti -fno-exceptions conftest.c >&5
cc1: warning: command line option "-fno-rtti" is valid for C++/ObjC++ but not for C
configure:7163: $? = 0
configure:7176: result: no
configure:7191: checking for gcc option to produce PIC
configure:7401: result: -fPIC
configure:7409: checking if gcc PIC flag -fPIC works
configure:7427: gcc -c -g -O2  -fPIC -DPIC conftest.c >&5
configure:7431: $? = 0
configure:7444: result: yes
configure:7472: checking if gcc static flag -static works
configure:7500: result: yes
configure:7510: checking if gcc supports -c -o file.o
configure:7531: gcc -c -g -O2  -o out/conftest2.o conftest.c >&5
configure:7535: $? = 0
configure:7557: result: yes
configure:7583: checking whether the gcc linker (/usr/bin/ld) supports shared libraries
configure:8538: result: yes
configure:8559: checking whether -lc should be explicitly linked in
configure:8564: gcc -c -g -O2  conftest.c >&5
configure:8567: $? = 0
configure:8582: gcc -shared conftest.o  -v -Wl,-soname -Wl,conftest -o conftest 2\>\&1 \| grep  -lc  \>/dev/null 2\>\&1
configure:8585: $? = 0
configure:8597: result: no
configure:8605: checking dynamic linker characteristics
configure:9181: result: GNU/Linux ld.so
configure:9190: checking how to hardcode library paths into programs
configure:9215: result: immediate
configure:9229: checking whether stripping libraries is possible
configure:9234: result: yes
configure:9357: checking for shl_load
configure:9413: gcc -o conftest -g -O2   conftest.c  >&5
/tmp/ccmLzx6Q.o: In function `main':
/root/wifidog-ffw/conftest.c:55: undefined reference to `shl_load'
collect2: ld returned 1 exit status
configure:9419: $? = 1
configure: failed program was:
| /* confdefs.h.  */
| #define PACKAGE_NAME ""
| #define PACKAGE_TARNAME ""
| #define PACKAGE_VERSION ""
| #define PACKAGE_STRING ""
| #define PACKAGE_BUGREPORT ""
| #define PACKAGE "wifidog"
| #define VERSION "1.1.3_rc1-ffw-08"
| #define STDC_HEADERS 1
| #define HAVE_SYS_TYPES_H 1
| #define HAVE_SYS_STAT_H 1
| #define HAVE_STDLIB_H 1
| #define HAVE_STRING_H 1
| #define HAVE_MEMORY_H 1
| #define HAVE_STRINGS_H 1
| #define HAVE_INTTYPES_H 1
| #define HAVE_STDINT_H 1
| #define HAVE_UNISTD_H 1
| #define HAVE_DLFCN_H 1
| /* end confdefs.h.  */
| /* Define shl_load to an innocuous variant, in case <limits.h> declares shl_load.
|    For example, HP-UX 11i <limits.h> declares gettimeofday.  */
| #define shl_load innocuous_shl_load
| 
| /* System header to define __stub macros and hopefully few prototypes,
|     which can conflict with char shl_load (); below.
|     Prefer <limits.h> to <assert.h> if __STDC__ is defined, since
|     <limits.h> exists even on freestanding compilers.  */
| 
| #ifdef __STDC__
| # include <limits.h>
| #else
| # include <assert.h>
| #endif
| 
| #undef shl_load
| 
| /* Override any GCC internal prototype to avoid an error.
|    Use char because int might match the return type of a GCC
|    builtin and then its argument prototype would still apply.  */
| #ifdef __cplusplus
| extern "C"
| #endif
| char shl_load ();
| /* The GNU C library defines this for functions which it implements
|     to always fail with ENOSYS.  Some functions are actually named
|     something starting with __ and the normal name is an alias.  */
| #if defined __stub_shl_load || defined __stub___shl_load
| choke me
| #endif
| 
| int
| main ()
| {
| return shl_load ();
|   ;
|   return 0;
| }
configure:9436: result: no
configure:9441: checking for shl_load in -ldld
configure:9476: gcc -o conftest -g -O2   conftest.c -ldld   >&5
/usr/bin/ld: cannot find -ldld
collect2: ld returned 1 exit status
configure:9482: $? = 1
configure: failed program was:
| /* confdefs.h.  */
| #define PACKAGE_NAME ""
| #define PACKAGE_TARNAME ""
| #define PACKAGE_VERSION ""
| #define PACKAGE_STRING ""
| #define PACKAGE_BUGREPORT ""
| #define PACKAGE "wifidog"
| #define VERSION "1.1.3_rc1-ffw-08"
| #define STDC_HEADERS 1
| #define HAVE_SYS_TYPES_H 1
| #define HAVE_SYS_STAT_H 1
| #define HAVE_STDLIB_H 1
| #define HAVE_STRING_H 1
| #define HAVE_MEMORY_H 1
| #define HAVE_STRINGS_H 1
| #define HAVE_INTTYPES_H 1
| #define HAVE_STDINT_H 1
| #define HAVE_UNISTD_H 1
| #define HAVE_DLFCN_H 1
| /* end confdefs.h.  */
| 
| /* Override any GCC internal prototype to avoid an error.
|    Use char because int might match the return type of a GCC
|    builtin and then its argument prototype would still apply.  */
| #ifdef __cplusplus
| extern "C"
| #endif
| char shl_load ();
| int
| main ()
| {
| return shl_load ();
|   ;
|   return 0;
| }
configure:9500: result: no
configure:9505: checking for dlopen
configure:9561: gcc -o conftest -g -O2   conftest.c  >&5
/tmp/cci8kLPh.o: In function `main':
/root/wifidog-ffw/conftest.c:55: undefined reference to `dlopen'
collect2: ld returned 1 exit status
configure:9567: $? = 1
configure: failed program was:
| /* confdefs.h.  */
| #define PACKAGE_NAME ""
| #define PACKAGE_TARNAME ""
| #define PACKAGE_VERSION ""
| #define PACKAGE_STRING ""
| #define PACKAGE_BUGREPORT ""
| #define PACKAGE "wifidog"
| #define VERSION "1.1.3_rc1-ffw-08"
| #define STDC_HEADERS 1
| #define HAVE_SYS_TYPES_H 1
| #define HAVE_SYS_STAT_H 1
| #define HAVE_STDLIB_H 1
| #define HAVE_STRING_H 1
| #define HAVE_MEMORY_H 1
| #define HAVE_STRINGS_H 1
| #define HAVE_INTTYPES_H 1
| #define HAVE_STDINT_H 1
| #define HAVE_UNISTD_H 1
| #define HAVE_DLFCN_H 1
| /* end confdefs.h.  */
| /* Define dlopen to an innocuous variant, in case <limits.h> declares dlopen.
|    For example, HP-UX 11i <limits.h> declares gettimeofday.  */
| #define dlopen innocuous_dlopen
| 
| /* System header to define __stub macros and hopefully few prototypes,
|     which can conflict with char dlopen (); below.
|     Prefer <limits.h> to <assert.h> if __STDC__ is defined, since
|     <limits.h> exists even on freestanding compilers.  */
| 
| #ifdef __STDC__
| # include <limits.h>
| #else
| # include <assert.h>
| #endif
| 
| #undef dlopen
| 
| /* Override any GCC internal prototype to avoid an error.
|    Use char because int might match the return type of a GCC
|    builtin and then its argument prototype would still apply.  */
| #ifdef __cplusplus
| extern "C"
| #endif
| char dlopen ();
| /* The GNU C library defines this for functions which it implements
|     to always fail with ENOSYS.  Some functions are actually named
|     something starting with __ and the normal name is an alias.  */
| #if defined __stub_dlopen || defined __stub___dlopen
| choke me
| #endif
| 
| int
| main ()
| {
| return dlopen ();
|   ;
|   return 0;
| }
configure:9584: result: no
configure:9589: checking for dlopen in -ldl
configure:9624: gcc -o conftest -g -O2   conftest.c -ldl   >&5
configure:9630: $? = 0
configure:9648: result: yes
configure:9817: checking whether a program can dlopen itself
configure:9891: gcc -o conftest -g -O2  -DHAVE_DLFCN_H  -Wl,--export-dynamic conftest.c -ldl  >&5
configure: In function 'main':
configure:9887: warning: incompatible implicit declaration of built-in function 'exit'
configure:9894: $? = 0
configure:9912: result: yes
configure:9917: checking whether a statically linked program can dlopen itself
configure:9991: gcc -o conftest -g -O2  -DHAVE_DLFCN_H  -Wl,--export-dynamic -static conftest.c -ldl  >&5
configure: In function 'main':
configure:9987: warning: incompatible implicit declaration of built-in function 'exit'
/tmp/cccgcm5O.o: In function `main':
/root/wifidog-ffw/configure:9975: warning: Using 'dlopen' in statically linked applications requires at runtime the shared libraries from the glibc version used for linking
configure:9994: $? = 0
/lib/: cannot read file data: Is a directory
configure:10012: result: no
configure:10035: checking if libtool supports shared libraries
configure:10037: result: yes
configure:10040: checking whether to build shared libraries
configure:10061: result: yes
configure:10064: checking whether to build static libraries
configure:10068: result: yes
configure:10160: creating libtool
configure:10748: checking for ld used by g++
configure:10815: result: /usr/bin/ld
configure:10824: checking if the linker (/usr/bin/ld) is GNU ld
configure:10839: result: yes
configure:10890: checking whether the g++ linker (/usr/bin/ld) supports shared libraries
configure:11824: result: yes
configure:11842: g++ -c -g -O2  conftest.cpp >&5
configure:11845: $? = 0
configure:11964: checking for g++ option to produce PIC
configure:12238: result: -fPIC
configure:12246: checking if g++ PIC flag -fPIC works
configure:12264: g++ -c -g -O2  -fPIC -DPIC conftest.cpp >&5
configure:12268: $? = 0
configure:12281: result: yes
configure:12309: checking if g++ static flag -static works
configure:12337: result: yes
configure:12347: checking if g++ supports -c -o file.o
configure:12368: g++ -c -g -O2  -o out/conftest2.o conftest.cpp >&5
configure:12372: $? = 0
configure:12394: result: yes
configure:12420: checking whether the g++ linker (/usr/bin/ld) supports shared libraries
configure:12448: result: yes
configure:12515: checking dynamic linker characteristics
configure:13091: result: GNU/Linux ld.so
configure:13100: checking how to hardcode library paths into programs
configure:13125: result: immediate
configure:19244: checking for library containing strerror
configure:19285: gcc -o conftest -g -O2   conftest.c  >&5
configure:19291: $? = 0
configure:19319: result: none required
configure:19327: checking whether byte ordering is bigendian
configure:19360: gcc -c -g -O2  conftest.c >&5
configure:19366: $? = 0
configure:19398: gcc -c -g -O2  conftest.c >&5
conftest.c: In function 'main':
conftest.c:28: error: 'not' undeclared (first use in this function)
conftest.c:28: error: (Each undeclared identifier is reported only once
conftest.c:28: error: for each function it appears in.)
conftest.c:28: error: expected ';' before 'big'
configure:19404: $? = 1
configure: failed program was:
| /* confdefs.h.  */
| #define PACKAGE_NAME ""
| #define PACKAGE_TARNAME ""
| #define PACKAGE_VERSION ""
| #define PACKAGE_STRING ""
| #define PACKAGE_BUGREPORT ""
| #define PACKAGE "wifidog"
| #define VERSION "1.1.3_rc1-ffw-08"
| #define STDC_HEADERS 1
| #define HAVE_SYS_TYPES_H 1
| #define HAVE_SYS_STAT_H 1
| #define HAVE_STDLIB_H 1
| #define HAVE_STRING_H 1
| #define HAVE_MEMORY_H 1
| #define HAVE_STRINGS_H 1
| #define HAVE_INTTYPES_H 1
| #define HAVE_STDINT_H 1
| #define HAVE_UNISTD_H 1
| #define HAVE_DLFCN_H 1
| /* end confdefs.h.  */
| #include <sys/types.h>
| #include <sys/param.h>
| 
| int
| main ()
| {
| #if BYTE_ORDER != BIG_ENDIAN
|  not big endian
| #endif
| 
|   ;
|   return 0;
| }
configure:19544: result: no
configure:19563: checking whether make sets $(MAKE)
configure:19584: result: yes
configure:19593: checking for ANSI C header files
configure:19757: result: yes
configure:19805: checking for doxygen
configure:19838: result: no
configure:19937: checking pthread.h usability
configure:19954: gcc -c -g -O2  conftest.c >&5
configure:19960: $? = 0
configure:19974: result: yes
configure:19978: checking pthread.h presence
configure:19993: gcc -E  conftest.c
configure:19999: $? = 0
configure:20013: result: yes
configure:20041: checking for pthread.h
configure:20048: result: yes
configure:20062: checking for pthread_create in -lpthread
configure:20097: gcc -o conftest -g -O2   conftest.c -lpthread   >&5
configure:20103: $? = 0
configure:20121: result: yes
configure:20147: checking for string.h
configure:20153: result: yes
configure:20147: checking for strings.h
configure:20153: result: yes
configure:20157: checking stdarg.h usability
configure:20174: gcc -c -g -O2  conftest.c >&5
configure:20180: $? = 0
configure:20194: result: yes
configure:20198: checking stdarg.h presence
configure:20213: gcc -E  conftest.c
configure:20219: $? = 0
configure:20233: result: yes
configure:20261: checking for stdarg.h
configure:20269: result: yes
configure:20147: checking for unistd.h
configure:20153: result: yes
configure:20283: checking for main in -lsocket
configure:20312: gcc -o conftest -g -O2   conftest.c -lsocket  -lpthread  >&5
/usr/bin/ld: cannot find -lsocket
collect2: ld returned 1 exit status
configure:20318: $? = 1
configure: failed program was:
| /* confdefs.h.  */
| #define PACKAGE_NAME ""
| #define PACKAGE_TARNAME ""
| #define PACKAGE_VERSION ""
| #define PACKAGE_STRING ""
| #define PACKAGE_BUGREPORT ""
| #define PACKAGE "wifidog"
| #define VERSION "1.1.3_rc1-ffw-08"
| #define STDC_HEADERS 1
| #define HAVE_SYS_TYPES_H 1
| #define HAVE_SYS_STAT_H 1
| #define HAVE_STDLIB_H 1
| #define HAVE_STRING_H 1
| #define HAVE_MEMORY_H 1
| #define HAVE_STRINGS_H 1
| #define HAVE_INTTYPES_H 1
| #define HAVE_STDINT_H 1
| #define HAVE_UNISTD_H 1
| #define HAVE_DLFCN_H 1
| #define STDC_HEADERS 1
| #define HAVE_LIBPTHREAD 1
| #define HAVE_STRING_H 1
| #define HAVE_STRINGS_H 1
| #define HAVE_STDARG_H 1
| #define HAVE_UNISTD_H 1
| /* end confdefs.h.  */
| 
| 
| int
| main ()
| {
| return main ();
|   ;
|   return 0;
| }
configure:20336: result: no
configure:20349: checking for main in -lnsl
configure:20378: gcc -o conftest -g -O2   conftest.c -lnsl  -lpthread  >&5
configure:20384: $? = 0
configure:20402: result: yes
configure:20560: creating ./config.status

## ---------------------- ##
## Running config.status. ##
## ---------------------- ##

This file was extended by config.status, which was
generated by GNU Autoconf 2.61.  Invocation command line was

  CONFIG_FILES    = 
  CONFIG_HEADERS  = 
  CONFIG_LINKS    = 
  CONFIG_COMMANDS = 
  $ ./config.status 

on gw-chris-tal

config.status:682: creating Makefile
config.status:682: creating wifidog.spec
config.status:682: creating src/Makefile
config.status:682: creating libhttpd/Makefile
config.status:682: creating doc/Makefile
config.status:682: creating config.h
config.status:916: config.h is unchanged
config.status:962: executing depfiles commands

## ---------------- ##
## Cache variables. ##
## ---------------- ##

ac_cv_build=i586-pc-linux-gnu
ac_cv_c_bigendian=no
ac_cv_c_compiler_gnu=yes
ac_cv_cxx_compiler_gnu=yes
ac_cv_env_CCC_set=
ac_cv_env_CCC_value=
ac_cv_env_CC_set=
ac_cv_env_CC_value=
ac_cv_env_CFLAGS_set=
ac_cv_env_CFLAGS_value=
ac_cv_env_CPPFLAGS_set=
ac_cv_env_CPPFLAGS_value=
ac_cv_env_CPP_set=
ac_cv_env_CPP_value=
ac_cv_env_CXXCPP_set=
ac_cv_env_CXXCPP_value=
ac_cv_env_CXXFLAGS_set=
ac_cv_env_CXXFLAGS_value=
ac_cv_env_CXX_set=
ac_cv_env_CXX_value=
ac_cv_env_F77_set=
ac_cv_env_F77_value=
ac_cv_env_FFLAGS_set=
ac_cv_env_FFLAGS_value=
ac_cv_env_LDFLAGS_set=
ac_cv_env_LDFLAGS_value=
ac_cv_env_LIBS_set=
ac_cv_env_LIBS_value=
ac_cv_env_build_alias_set=
ac_cv_env_build_alias_value=
ac_cv_env_host_alias_set=
ac_cv_env_host_alias_value=
ac_cv_env_target_alias_set=
ac_cv_env_target_alias_value=
ac_cv_f77_compiler_gnu=no
ac_cv_func_dlopen=no
ac_cv_func_shl_load=no
ac_cv_header_dlfcn_h=yes
ac_cv_header_inttypes_h=yes
ac_cv_header_memory_h=yes
ac_cv_header_pthread_h=yes
ac_cv_header_stdarg_h=yes
ac_cv_header_stdc=yes
ac_cv_header_stdint_h=yes
ac_cv_header_stdlib_h=yes
ac_cv_header_string_h=yes
ac_cv_header_strings_h=yes
ac_cv_header_sys_stat_h=yes
ac_cv_header_sys_types_h=yes
ac_cv_header_unistd_h=yes
ac_cv_host=i586-pc-linux-gnu
ac_cv_lib_dl_dlopen=yes
ac_cv_lib_dld_shl_load=no
ac_cv_lib_nsl=ac_cv_lib_nsl_main
ac_cv_lib_nsl_main=yes
ac_cv_lib_pthread_pthread_create=yes
ac_cv_lib_socket=ac_cv_lib_socket_main
ac_cv_lib_socket_main=no
ac_cv_objext=o
ac_cv_path_EGREP='/bin/grep -E'
ac_cv_path_GREP=/bin/grep
ac_cv_path_install='/usr/bin/install -c'
ac_cv_path_mkdir=/bin/mkdir
ac_cv_prog_AWK=mawk
ac_cv_prog_CPP='gcc -E'
ac_cv_prog_CXXCPP='g++ -E'
ac_cv_prog_ac_ct_AR=ar
ac_cv_prog_ac_ct_CC=gcc
ac_cv_prog_ac_ct_CXX=g++
ac_cv_prog_ac_ct_RANLIB=ranlib
ac_cv_prog_ac_ct_STRIP=strip
ac_cv_prog_cc_c89=
ac_cv_prog_cc_g=yes
ac_cv_prog_cxx_g=yes
ac_cv_prog_f77_g=no
ac_cv_prog_make_make_set=yes
ac_cv_search_strerror='none required'
am_cv_CC_dependencies_compiler_type=gcc3
am_cv_CXX_dependencies_compiler_type=gcc3
lt_cv_deplibs_check_method=pass_all
lt_cv_dlopen=dlopen
lt_cv_dlopen_libs=-ldl
lt_cv_dlopen_self=yes
lt_cv_dlopen_self_static=no
lt_cv_file_magic_cmd='$MAGIC_CMD'
lt_cv_file_magic_test_file=
lt_cv_ld_reload_flag=-r
lt_cv_objdir=.libs
lt_cv_path_LD=/usr/bin/ld
lt_cv_path_LDCXX=/usr/bin/ld
lt_cv_path_NM='/usr/bin/nm -B'
lt_cv_path_SED=/bin/sed
lt_cv_prog_compiler_c_o=yes
lt_cv_prog_compiler_c_o_CXX=yes
lt_cv_prog_compiler_rtti_exceptions=no
lt_cv_prog_gnu_ld=yes
lt_cv_prog_gnu_ldcxx=yes
lt_cv_sys_global_symbol_pipe='sed -n -e '\''s/^.*[ 	]\([ABCDGIRSTW][ABCDGIRSTW]*\)[ 	][ 	]*\([_A-Za-z][_A-Za-z0-9]*\)$/\1 \2 \2/p'\'''
lt_cv_sys_global_symbol_to_c_name_address='sed -n -e '\''s/^: \([^ ]*\) $/  {\"\1\", (lt_ptr) 0},/p'\'' -e '\''s/^[BCDEGRST] \([^ ]*\) \([^ ]*\)$/  {"\2", (lt_ptr) \&\2},/p'\'''
lt_cv_sys_global_symbol_to_cdecl='sed -n -e '\''s/^. .* \(.*\)$/extern int \1;/p'\'''
lt_cv_sys_max_cmd_len=32768
lt_lt_cv_prog_compiler_c_o='"yes"'
lt_lt_cv_prog_compiler_c_o_CXX='"yes"'
lt_lt_cv_sys_global_symbol_pipe='"sed -n -e '\''s/^.*[ 	]\\([ABCDGIRSTW][ABCDGIRSTW]*\\)[ 	][ 	]*\\([_A-Za-z][_A-Za-z0-9]*\\)\$/\\1 \\2 \\2/p'\''"'
lt_lt_cv_sys_global_symbol_to_c_name_address='"sed -n -e '\''s/^: \\([^ ]*\\) \$/  {\\\"\\1\\\", (lt_ptr) 0},/p'\'' -e '\''s/^[BCDEGRST] \\([^ ]*\\) \\([^ ]*\\)\$/  {\"\\2\", (lt_ptr) \\&\\2},/p'\''"'
lt_lt_cv_sys_global_symbol_to_cdecl='"sed -n -e '\''s/^. .* \\(.*\\)\$/extern int \\1;/p'\''"'

## ----------------- ##
## Output variables. ##
## ----------------- ##

ACLOCAL='${SHELL} /root/wifidog-ffw/config/missing --run aclocal-1.10'
AMDEPBACKSLASH='\'
AMDEP_FALSE='#'
AMDEP_TRUE=''
AMTAR='${SHELL} /root/wifidog-ffw/config/missing --run tar'
AR='ar'
AUTOCONF='${SHELL} /root/wifidog-ffw/config/missing --run autoconf'
AUTOHEADER='${SHELL} /root/wifidog-ffw/config/missing --run autoheader'
AUTOMAKE='${SHELL} /root/wifidog-ffw/config/missing --run automake-1.10'
AWK='mawk'
BUILDROOT=''
CC='gcc'
CCDEPMODE='depmode=gcc3'
CFLAGS='-g -O2'
CPP='gcc -E'
CPPFLAGS=''
CXX='g++'
CXXCPP='g++ -E'
CXXDEPMODE='depmode=gcc3'
CXXFLAGS='-g -O2'
CYGPATH_W='echo'
DEFS='-DHAVE_CONFIG_H'
DEPDIR='.deps'
DOC_FALSE=''
DOC_TRUE='#'
DOT=''
DOXYGEN=''
ECHO='echo'
ECHO_C=''
ECHO_N='-n'
ECHO_T=''
EGREP='/bin/grep -E'
ENABLE_DOXYGEN_FALSE=''
ENABLE_DOXYGEN_TRUE='#'
EXEEXT=''
F77=''
FFLAGS=''
GREP='/bin/grep'
INSTALL_DATA='${INSTALL} -m 644'
INSTALL_PROGRAM='${INSTALL}'
INSTALL_SCRIPT='${INSTALL}'
INSTALL_STRIP_PROGRAM='$(install_sh) -c -s'
LDFLAGS=''
LIBOBJS=''
LIBS='-lnsl -lpthread '
LIBTOOL='$(SHELL) $(top_builddir)/libtool'
LN_S='ln -s'
LTLIBOBJS=''
MAINT='#'
MAINTAINER_MODE_FALSE=''
MAINTAINER_MODE_TRUE='#'
MAKEINFO='${SHELL} /root/wifidog-ffw/config/missing --run makeinfo'
OBJEXT='o'
PACKAGE='wifidog'
PACKAGE_BUGREPORT=''
PACKAGE_NAME=''
PACKAGE_STRING=''
PACKAGE_TARNAME=''
PACKAGE_VERSION=''
PATH_SEPARATOR=':'
RANLIB='ranlib'
SET_MAKE=''
SHELL='/bin/bash'
STRIP='strip'
VERSION='1.1.3_rc1-ffw-08'
WIFIDOG_MAJOR_VERSION='1'
WIFIDOG_MICRO_VERSION='3_rc1-ffw-08'
WIFIDOG_MINOR_VERSION='1'
WIFIDOG_VERSION='1.1.3_rc1-ffw-08'
ac_ct_CC='gcc'
ac_ct_CXX='g++'
ac_ct_F77=''
am__fastdepCC_FALSE='#'
am__fastdepCC_TRUE=''
am__fastdepCXX_FALSE='#'
am__fastdepCXX_TRUE=''
am__include='include'
am__isrc=''
am__leading_dot='.'
am__quote=''
am__tar='${AMTAR} chof - "$$tardir"'
am__untar='${AMTAR} xf -'
bindir='${exec_prefix}/bin'
build='i586-pc-linux-gnu'
build_alias=''
build_cpu='i586'
build_os='linux-gnu'
build_vendor='pc'
datadir='${datarootdir}'
datarootdir='${prefix}/share'
docdir='${datarootdir}/doc/${PACKAGE}'
dvidir='${docdir}'
enable_dot='no'
enable_html_docs='yes'
enable_latex_docs='no'
exec_prefix='${prefix}'
host='i586-pc-linux-gnu'
host_alias=''
host_cpu='i586'
host_os='linux-gnu'
host_vendor='pc'
htmldir='${docdir}'
includedir='${prefix}/include'
infodir='${datarootdir}/info'
install_sh='$(SHELL) /root/wifidog-ffw/config/install-sh'
libdir='${exec_prefix}/lib'
libexecdir='${exec_prefix}/libexec'
localedir='${datarootdir}/locale'
localstatedir='${prefix}/var'
mandir='${datarootdir}/man'
mkdir_p='/bin/mkdir -p'
oldincludedir='/usr/include'
pdfdir='${docdir}'
prefix='/usr'
program_transform_name='s,x,x,'
psdir='${docdir}'
sbindir='${exec_prefix}/sbin'
sharedstatedir='${prefix}/com'
sysconfdir='/etc'
target_alias=''

## ----------- ##
## confdefs.h. ##
## ----------- ##

#define PACKAGE_NAME ""
#define PACKAGE_TARNAME ""
#define PACKAGE_VERSION ""
#define PACKAGE_STRING ""
#define PACKAGE_BUGREPORT ""
#define PACKAGE "wifidog"
#define VERSION "1.1.3_rc1-ffw-08"
#define STDC_HEADERS 1
#define HAVE_SYS_TYPES_H 1
#define HAVE_SYS_STAT_H 1
#define HAVE_STDLIB_H 1
#define HAVE_STRING_H 1
#define HAVE_MEMORY_H 1
#define HAVE_STRINGS_H 1
#define HAVE_INTTYPES_H 1
#define HAVE_STDINT_H 1
#define HAVE_UNISTD_H 1
#define HAVE_DLFCN_H 1
#define STDC_HEADERS 1
#define HAVE_LIBPTHREAD 1
#define HAVE_STRING_H 1
#define HAVE_STRINGS_H 1
#define HAVE_STDARG_H 1
#define HAVE_UNISTD_H 1
#define HAVE_LIBNSL 1

configure: exit 0
